{"/home/amarilis/amarilis/palestras/exemplos/testesComJavascript/modulo1.js": {"path":"/home/amarilis/amarilis/palestras/exemplos/testesComJavascript/modulo1.js","statementMap":{"0":{"start":{"line":1,"column":16},"end":{"line":4,"column":1}},"1":{"start":{"line":2,"column":20},"end":{"line":2,"column":25}},"2":{"start":{"line":3,"column":20},"end":{"line":3,"column":29}},"3":{"start":{"line":5,"column":0},"end":{"line":5,"column":25}}},"fnMap":{"0":{"name":"(anonymous_0)","decl":{"start":{"line":2,"column":10},"end":{"line":2,"column":11}},"loc":{"start":{"line":2,"column":20},"end":{"line":2,"column":25}},"line":2},"1":{"name":"(anonymous_1)","decl":{"start":{"line":3,"column":9},"end":{"line":3,"column":10}},"loc":{"start":{"line":3,"column":20},"end":{"line":3,"column":29}},"line":3}},"branchMap":{},"s":{"0":1,"1":1,"2":0,"3":1},"f":{"0":1,"1":0},"b":{},"_coverageSchema":"43e27e138ebf9cfc5966b082cf9a028302ed4184","hash":"6e4a3a860d78cac8f6363c73d54b54fe0580d4ee"}
}
